Build started 6/15/2013 11:18:48 PM.
     1>Project "C:\Users\Ivan_2\Documents\GitHub\CS218a.Week.6.Team.Blue.Final\CS218a.TeamBlue.Final\CS218a.TeamBlue.Final\CS218a.TeamBlue.Final.vcxproj" on node 2 (build target(s)).
     1>InitializeBuildStatus:
         Touching "Debug\CS218a.TeamBlue.Final.unsuccessfulbuild".
       ClCompile:
         All outputs are up-to-date.
         c:\Program Files\Microsoft Visual Studio 10.0\VC\bin\CL.exe /c /ZI /nologo /W3 /WX- /Od /Oy- /D WIN32 /D _DEBUG /D _CONSOLE /D _UNICODE /D UNICODE /Gm /EHsc /RTC1 /MDd /GS /fp:precise /Zc:wchar_t /Zc:forScope /Yu"StdAfx.h" /Fp"Debug\CS218a.TeamBlue.Final.pch" /Fo"Debug\\" /Fd"Debug\vc100.pdb" /Gd /TP /analyze- /errorReport:prompt CS218a.TeamBlue.Final.cpp
         CS218a.TeamBlue.Final.cpp
     1>c:\users\ivan_2\documents\github\cs218a.week.6.team.blue.final\cs218a.teamblue.final\cs218a.teamblue.final\cs218a.teamblue.final.cpp(162): error C2660: 'PrintMain' : function does not take 0 arguments
     1>c:\users\ivan_2\documents\github\cs218a.week.6.team.blue.final\cs218a.teamblue.final\cs218a.teamblue.final\cs218a.teamblue.final.cpp(200): error C2447: '{' : missing function header (old-style formal list?)
     1>c:\users\ivan_2\documents\github\cs218a.week.6.team.blue.final\cs218a.teamblue.final\cs218a.teamblue.final\cs218a.teamblue.final.cpp(321): error C2660: 'PrintMain' : function does not take 0 arguments
     1>c:\users\ivan_2\documents\github\cs218a.week.6.team.blue.final\cs218a.teamblue.final\cs218a.teamblue.final\cs218a.teamblue.final.cpp(329): error C2660: 'PrintMain' : function does not take 0 arguments
     1>Done Building Project "C:\Users\Ivan_2\Documents\GitHub\CS218a.Week.6.Team.Blue.Final\CS218a.TeamBlue.Final\CS218a.TeamBlue.Final\CS218a.TeamBlue.Final.vcxproj" (build target(s)) -- FAILED.

Build FAILED.

Time Elapsed 00:00:00.38
